Arguments: 
  /Users/christian/.nvm/versions/node/v8.9.3/bin/node /Users/christian/.nvm/versions/node/v8.9.3/bin/yarn run server

PATH: 
  /Users/christian/.nvm/versions/node/v8.9.3/bin:/usr/local/bin:/usr/bin:/bin:/usr/sbin:/sbin

Yarn version: 
  1.5.1

Node version: 
  8.9.3

Platform: 
  darwin x64

npm manifest: 
  {
    "name": "curso-react",
    "version": "1.0.0",
    "description": "",
    "main": "index.js",
    "scripts": {
      "test": "echo \"Error: no test specified\" && exit 1",
      "build": "./node_modules/.bin/webpack",
      "start": "./node_modules/.bin/webpack --watch",
      "server": "./node_modules/.bin/webpack-dev-server"
    },
    "author": "",
    "license": "ISC",
    "dependencies": {
      "babel-cli": "^6.26.0",
      "babel-loader": "^7.1.2",
      "babel-preset-es2015": "^6.24.1",
      "babel-preset-react": "^6.24.1",
      "react": "^16.2.0",
      "react-dom": "^16.2.0",
      "react-router-dom": "^4.2.2",
      "webpack": "^3.10.0",
      "webpack-dev-server": "^2.11.0"
    }
  }

yarn manifest: 
  No manifest

Lockfile: 
  No lockfile

Trace: 
  Error: Command failed.
  Exit code: 127
  Command: sh
  Arguments: -c ./node_modules/.bin/webpack-dev-server
  Directory: /Users/christian/Redradix/timer
  Output:
  
      at ProcessTermError.MessageError (/Users/christian/.nvm/versions/node/v8.9.3/lib/node_modules/yarn/lib/cli.js:186:110)
      at new ProcessTermError (/Users/christian/.nvm/versions/node/v8.9.3/lib/node_modules/yarn/lib/cli.js:226:113)
      at ChildProcess.<anonymous> (/Users/christian/.nvm/versions/node/v8.9.3/lib/node_modules/yarn/lib/cli.js:30281:17)
      at emitTwo (events.js:126:13)
      at ChildProcess.emit (events.js:214:7)
      at maybeClose (internal/child_process.js:925:16)
      at Process.ChildProcess._handle.onexit (internal/child_process.js:209:5)
